<?xml version="1.0" encoding="UTF-8"?>
<!-- Generated by org.testng.reporters.JUnitReportReporter -->
<testsuite hostname="ScoreMe-Subrat" failures="0" tests="1" name="TestBase.RC_001_Registration" time="4.031" errors="0" timestamp="2024-12-29T17:47:46 IST" skipped="0">
  <testcase classname="TestBase.RC_001_Registration" name="verifyRegistration" time="4.031"/>
</testsuite> <!-- TestBase.RC_001_Registration -->
