<?xml version="1.0" encoding="UTF-8"?>
<!-- Generated by org.testng.reporters.JUnitReportReporter -->
<testsuite hostname="ScoreMe-Subrat" failures="0" tests="1" name="PageObjects.First" time="9.266" errors="0" timestamp="2024-12-25T17:25:25 IST" skipped="0">
  <testcase classname="PageObjects.First" name="logIn" time="9.266"/>
</testsuite> <!-- PageObjects.First -->
