<?xml version="1.0" encoding="UTF-8"?>
<!-- Generated by org.testng.reporters.JUnitReportReporter -->
<testsuite hostname="ScoreMe-Subrat" failures="0" tests="1" name="TestBase.TC_002_LogIn" time="2.139" errors="0" timestamp="2024-12-29T19:50:21 IST" skipped="0">
  <testcase classname="TestBase.TC_002_LogIn" name="VerifyLogin" time="2.139"/>
</testsuite> <!-- TestBase.TC_002_LogIn -->
